<?xml version="1.0" encoding="UTF-8"?>
<testsuite xmlns:xsi="http://www.w3.org/2001/XMLSchema-instance" xsi:noNamespaceSchemaLocation="https://maven.apache.org/surefire/maven-surefire-plugin/xsd/surefire-test-report-3.0.xsd" version="3.0" name="tn.supcom.cot.iam.controllers.RoleTest" time="0.054" tests="26" errors="0" skipped="0" failures="0">
  <properties>
[...]
</properties>
  <testcase name="testByValueInvalid" classname="tn.supcom.cot.iam.controllers.RoleTest" time="0.004"/>
  <testcase name="testRoleIdMethod" classname="tn.supcom.cot.iam.controllers.RoleTest" time="0.002"/>
  <testcase name="testGuestIdCaseInsensitive" classname="tn.supcom.cot.iam.controllers.RoleTest" time="0.003"/>
  <testcase name="testById" classname="tn.supcom.cot.iam.controllers.RoleTest" time="0.001"/>
  <testcase name="testGuestRoleValue" classname="tn.supcom.cot.iam.controllers.RoleTest" time="0.001"/>
  <testcase name="testGuestDoesNotMatchOtherRoles" classname="tn.supcom.cot.iam.controllers.RoleTest" time="0.001"/>
  <testcase name="testBitShiftValues" classname="tn.supcom.cot.iam.controllers.RoleTest" time="0.0"/>
  <testcase name="testRootRoleValue" classname="tn.supcom.cot.iam.controllers.RoleTest" time="0.0"/>
  <testcase name="testRP00Value" classname="tn.supcom.cot.iam.controllers.RoleTest" time="0.0"/>
  <testcase name="testRP01Value" classname="tn.supcom.cot.iam.controllers.RoleTest" time="0.0"/>
  <testcase name="testRP02Value" classname="tn.supcom.cot.iam.controllers.RoleTest" time="0.001"/>
  <testcase name="testRoleCheckingPattern" classname="tn.supcom.cot.iam.controllers.RoleTest" time="0.0"/>
  <testcase name="testByValue" classname="tn.supcom.cot.iam.controllers.RoleTest" time="0.0"/>
  <testcase name="testSequentialRoleNames" classname="tn.supcom.cot.iam.controllers.RoleTest" time="0.001"/>
  <testcase name="testByIdInvalid" classname="tn.supcom.cot.iam.controllers.RoleTest" time="0.001"/>
  <testcase name="testBitwiseOperations" classname="tn.supcom.cot.iam.controllers.RoleTest" time="0.001"/>
  <testcase name="testRP10Value" classname="tn.supcom.cot.iam.controllers.RoleTest" time="0.0"/>
  <testcase name="testRP62Value" classname="tn.supcom.cot.iam.controllers.RoleTest" time="0.0"/>
  <testcase name="testRootMatchesAllRoles" classname="tn.supcom.cot.iam.controllers.RoleTest" time="0.002"/>
  <testcase name="testMaximumRoleCombination" classname="tn.supcom.cot.iam.controllers.RoleTest" time="0.002"/>
  <testcase name="testRoleCount" classname="tn.supcom.cot.iam.controllers.RoleTest" time="0.001"/>
  <testcase name="testRoleRemoval" classname="tn.supcom.cot.iam.controllers.RoleTest" time="0.002"/>
  <testcase name="testRootIdCaseInsensitive" classname="tn.supcom.cot.iam.controllers.RoleTest" time="0.002"/>
  <testcase name="testRoleValueBoundaries" classname="tn.supcom.cot.iam.controllers.RoleTest" time="0.003"/>
  <testcase name="testRoleValuesArePowersOfTwo" classname="tn.supcom.cot.iam.controllers.RoleTest" time="0.001"/>
  <testcase name="testUniqueRoleValues" classname="tn.supcom.cot.iam.controllers.RoleTest" time="0.001"/>
</testsuite>